Results of doctest builder run on 2021-01-15 00:24:46
=====================================================

Document: lib-seq
-----------------
1 items passed all tests:
 207 tests in default
207 tests in 1 items.
207 passed and 0 failed.
Test passed.

Document: lib-properties
------------------------
1 items passed all tests:
  12 tests in default
12 tests in 1 items.
12 passed and 0 failed.
Test passed.

Document: lib-proxy
-------------------
1 items passed all tests:
  16 tests in default
16 tests in 1 items.
16 passed and 0 failed.
Test passed.

Document: lib-op
----------------
1 items passed all tests:
   4 tests in default
4 tests in 1 items.
4 passed and 0 failed.
Test passed.

Document: intro-functions
-------------------------
**********************************************************************
File "intro-functions.rst", line 496, in default
Failed example:
    sk.apply(op.mul(2), [1, 2, 3])
Expected:
    [2, 4, 6]
Got:
    apply(mul)
**********************************************************************
File "intro-functions.rst", line 502, in default
Failed example:
    issubclass(list, sk.Apply)
Exception raised:
    Traceback (most recent call last):
      File "/usr/lib/python3.9/doctest.py", line 1336, in __run
        exec(compile(example.source, filename, "single",
      File "<doctest default[0]>", line 1, in <module>
        issubclass(list, sk.Apply)
    AttributeError: module 'sidekick.api' has no attribute 'Apply'
**********************************************************************
File "intro-functions.rst", line 512, in default
Failed example:
    sk.apply(op.mul, [1, 2, 3], [2])
Expected:
    [2, 4, 6]
Got:
    apply(mul)
**********************************************************************
File "intro-functions.rst", line 524, in default
Failed example:
    sk.apply(op.mul, [1, 2, 3], 2)
Expected:
    [2, 4, 6]
Got:
    apply(mul)
**********************************************************************
File "intro-functions.rst", line 531, in default
Failed example:
    sk.apply(op.mul, [1, 2, 3], {2})
Expected:
    [2, 4, 6]
Got:
    apply(mul)
**********************************************************************
File "intro-functions.rst", line 534, in default
Failed example:
    sk.apply(op.mul, {1, 2, 3}, [2])
Expected:
    {2, 4, 6}
Got:
    apply(mul)
**********************************************************************
File "intro-functions.rst", line 600, in default
Failed example:
    next(sk.map(dic.__getitem__, range(10)))
Exception raised:
    Traceback (most recent call last):
      File "/usr/lib/python3.9/doctest.py", line 1336, in __run
        exec(compile(example.source, filename, "single",
      File "<doctest default[1]>", line 1, in <module>
        next(sk.map(dic.__getitem__, range(10)))
      File "/home/chips/.local/lib/python3.9/site-packages/sidekick/seq/iter.py", line 55, in __next__
        return _next(self._iterator)
    KeyError: 0
**********************************************************************
File "intro-functions.rst", line 633, in default
Failed example:
    id_none(x) == id_ellipsis(x) == x
Exception raised:
    Traceback (most recent call last):
      File "/usr/lib/python3.9/doctest.py", line 1336, in __run
        exec(compile(example.source, filename, "single",
      File "<doctest default[0]>", line 1, in <module>
        id_none(x) == id_ellipsis(x) == x
    NameError: name 'x' is not defined
**********************************************************************
File "intro-functions.rst", line 660, in default
Failed example:
    sk.filter(r'/\w+/', ['foo', 'foo bar'])
Expected:
    'foo'
Got:
    sk.iter(['foo'])
**********************************************************************
File "intro-functions.rst", line 665, in default
Failed example:
    sk.filter(r"/(\w+)/a \1/", ['foo', 'foo bar'])
Expected:
    sk.iter(['a foo', 'a bar'])
Got:
    sk.iter(['foo', 'foo bar'])
**********************************************************************
1 items had failures:
  10 of  54 in default
54 tests in 1 items.
44 passed and 10 failed.
***Test Failed*** 10 failures.

Document: lib-pred
------------------
1 items passed all tests:
  36 tests in default
36 tests in 1 items.
36 passed and 0 failed.
Test passed.

Document: intro-seqs
--------------------
1 items passed all tests:
  21 tests in default
21 tests in 1 items.
21 passed and 0 failed.
Test passed.

Document: lib-functions
-----------------------
1 items passed all tests:
  99 tests in default
99 tests in 1 items.
99 passed and 0 failed.
Test passed.

Doctest summary
===============
  449 tests
   10 failures in tests
    0 failures in setup code
    0 failures in cleanup code
